BEGIN 74xaLqdTDdHZ9ey AUTHZ
  RequestToken = e49HDdxTqL7dZya
  AccessToken = aZy4TLHxqded9D7
BEGIN f80N46i82fdx61d AUTHZ
  RequestToken = d10i68x86f4dfN2
  AccessToken = 2Nx0id84f6d168f
DENY (READ,Applications,2Nx0id84f6d168f,2)
DENY (EXECUTE,Applications,2Nx0id84f6d168f,1)
DENY (DELETE,Applications,2Nx0id84f6d168f,0)
DENY (READ,Preferences,aZy4TLHxqded9D7,2)
DENY (MODIFY,Preferences,aZy4TLHxqded9D7,1)
DENY (MODIFY,UserData,aZy4TLHxqded9D7,0)
BEGIN 74xaLqdTDdHZ9ey AUTHZ
  RequestToken = xdya7DqTL4d9ZHe
DENY (INSERT,Files,,0)
DENY (INSERT,Applications,2Nx0id84f6d168f,-2)
BEGIN f80N46i82fdx61d AUTHZ
  RequestToken = 6fx4i628d0fdN18
  AccessToken = 62i4x180d6Nff8d
DENY (INSERT,Applications,62i4x180d6Nff8d,2)
DENY (DELETE,Files,62i4x180d6Nff8d,1)
DENY (EXECUTE,Applications,62i4x180d6Nff8d,0)
DENY (EXECUTE,Applications,,0)
